a:5:{s:4:"time";i:1334532380;s:2:"to";s:11:"14049155666";s:3:"out";b:0;s:5:"voice";b:0;s:4:"body";s:9:"fake body";}
a:5:{s:4:"time";i:1334532389;s:2:"to";s:11:"14049155666";s:3:"out";b:1;s:5:"voice";b:0;s:4:"body";s:32:"Cats actually only have 8 lives.";}
a:5:{s:4:"time";i:1334532393;s:2:"to";s:11:"14049155666";s:3:"out";b:1;s:5:"voice";b:0;s:4:"body";s:32:"Cats actually only have 8 lives.";}
a:5:{s:4:"time";i:1334532406;s:2:"to";s:11:"14049155666";s:3:"out";b:0;s:5:"voice";b:0;s:4:"body";s:13:"what the fuck";}
a:5:{s:4:"time";i:1334532505;s:2:"to";s:11:"14049155666";s:3:"out";b:0;s:5:"voice";b:0;s:4:"body";N;}
a:5:{s:4:"time";i:1334532505;s:2:"to";s:11:"14049155666";s:3:"out";b:1;s:5:"voice";b:0;s:4:"body";N;}
a:5:{s:4:"time";i:1334532536;s:2:"to";s:11:"14049155666";s:3:"out";b:0;s:5:"voice";b:0;s:4:"body";N;}
a:5:{s:4:"time";i:1334532536;s:2:"to";s:11:"14049155666";s:3:"out";b:1;s:5:"voice";b:0;s:4:"body";N;}
a:5:{s:4:"time";i:1334532565;s:2:"to";s:11:"14049155666";s:3:"out";b:0;s:5:"voice";b:0;s:4:"body";N;}
a:5:{s:4:"time";i:1334532565;s:2:"to";s:11:"14049155666";s:3:"out";b:1;s:5:"voice";b:0;s:4:"body";s:46:"All inqueries must be sent by carrier pidgeon.";}
a:5:{s:4:"time";i:1334532567;s:2:"to";s:11:"14049155666";s:3:"out";b:0;s:5:"voice";b:0;s:4:"body";N;}
a:5:{s:4:"time";i:1334532567;s:2:"to";s:11:"14049155666";s:3:"out";b:1;s:5:"voice";b:0;s:4:"body";s:48:"We couldn't understand that. Please type slower.";}
a:5:{s:4:"time";i:1334532568;s:2:"to";s:11:"14049155666";s:3:"out";b:0;s:5:"voice";b:0;s:4:"body";N;}
a:5:{s:4:"time";i:1334532568;s:2:"to";s:11:"14049155666";s:3:"out";b:1;s:5:"voice";b:0;s:4:"body";s:46:"All inqueries must be sent by carrier pidgeon.";}
a:5:{s:4:"time";i:1334532569;s:2:"to";s:11:"14049155666";s:3:"out";b:0;s:5:"voice";b:0;s:4:"body";N;}
a:5:{s:4:"time";i:1334532569;s:2:"to";s:11:"14049155666";s:3:"out";b:1;s:5:"voice";b:0;s:4:"body";s:46:"All inqueries must be sent by carrier pidgeon.";}
a:5:{s:4:"time";i:1334532569;s:2:"to";s:11:"14049155666";s:3:"out";b:0;s:5:"voice";b:0;s:4:"body";N;}
a:5:{s:4:"time";i:1334532569;s:2:"to";s:11:"14049155666";s:3:"out";b:1;s:5:"voice";b:0;s:4:"body";s:46:"All inqueries must be sent by carrier pidgeon.";}
a:5:{s:4:"time";i:1334532570;s:2:"to";s:11:"14049155666";s:3:"out";b:0;s:5:"voice";b:0;s:4:"body";N;}
a:5:{s:4:"time";i:1334532570;s:2:"to";s:11:"14049155666";s:3:"out";b:1;s:5:"voice";b:0;s:4:"body";s:48:"We couldn't understand that. Please type slower.";}
a:5:{s:4:"time";i:1334532580;s:2:"to";s:11:"14049155666";s:3:"out";b:0;s:5:"voice";b:0;s:4:"body";s:4:"WTF?";}
a:5:{s:4:"time";i:1334532580;s:2:"to";s:11:"14049155666";s:3:"out";b:1;s:5:"voice";b:0;s:4:"body";s:48:"We couldn't understand that. Please type slower.";}
a:5:{s:4:"time";i:1334532606;s:2:"to";s:11:"14049155666";s:3:"out";b:1;s:5:"voice";b:1;s:4:"body";s:107:"Hi Andre, you have reached Cat Facts. We are not available right now. Please don't ever call again. Goodbye";}
